<?xml version="1.0" encoding="UTF-8"?>
<testsuite name="REST Test Project.Freegeoip" tests="1" failures="1" errors="0" time="0.877"><properties>
[...]
</properties><testcase name="github.com Sunny Get Action" time="0.877"><properties/><failure type="Cancelling due to failed test step" message="Cancelling due to failed test step"><![CDATA[<h3><b>REST Request-1 Failed</b></h3><pre>[JsonPath Match Country Code] Assertion failed for path [$.country_code] : IllegalArgumentException:Invalid JSON: Method Not Allowed

[JsonPath Existence Latitude] Assertion failed for path [$.latitude] : IllegalArgumentException:Invalid JSON: Method Not Allowed

[JsonPath Match Country Name] Assertion failed for path [$.country_name] : IllegalArgumentException:Invalid JSON: Method Not Allowed

[JsonPath Match] Assertion failed for path [$.ip] : IllegalArgumentException:Invalid JSON: Method Not Allowed

</pre><hr/>]]></failure></testcase></testsuite>